<?xml version="1.0" encoding="UTF-8"?>
<testng-results ignored="0" total="1" passed="1" failed="0" skipped="0">
  <reporter-output>
  </reporter-output>
  <suite started-at="2021-10-31T00:34:53 PDT" name="Suite" finished-at="2021-10-31T00:35:28 PDT" duration-ms="34943">
    <groups>
    </groups>
    <test started-at="2021-10-31T00:34:53 PDT" name="Test" finished-at="2021-10-31T00:35:28 PDT" duration-ms="34943">
      <class name="testpackage.CompanypageTest">
        <test-method is-config="true" signature="setup()[pri:0, instance:testpackage.CompanypageTest@7a69b07]" started-at="2021-10-31T00:34:53 PDT" name="setup" finished-at="2021-10-31T00:35:04 PDT" duration-ms="10279" status="PASS">
          <reporter-output>
          </reporter-output>
        </test-method> <!-- setup -->
        <test-method signature="ValidateCompanycreated()[pri:1, instance:testpackage.CompanypageTest@7a69b07]" started-at="2021-10-31T00:35:04 PDT" name="ValidateCompanycreated" finished-at="2021-10-31T00:35:28 PDT" duration-ms="24604" status="PASS">
          <reporter-output>
          </reporter-output>
        </test-method> <!-- ValidateCompanycreated -->
      </class> <!-- testpackage.CompanypageTest -->
    </test> <!-- Test -->
  </suite> <!-- Suite -->
</testng-results>
